<?xml version="1.0" encoding="UTF-8"?>
<!-- Generated by org.testng.reporters.JUnitXMLReporter -->
<testsuite hostname="Jiyongs-MacBook-Pro.local" name="Default test" tests="4" failures="0" timestamp="22 Feb 2016 04:39:49 GMT" time="15.876" errors="0">
  <testcase name="verifyIntroTitle" time="0.013" classname="testNG.CreateOtherFileTest"/>
  <testcase name="navigateToLoginPage" time="1.657" classname="testNG.CreateOtherFileTest"/>
  <testcase name="enterCredentials" time="5.797" classname="testNG.CreateOtherFileTest"/>
  <testcase name="createNewDocumentTest" time="3.938" classname="testNG.CreateOtherFileTest"/>
</testsuite> <!-- Default test -->
