<?xml version="1.0" encoding="UTF-8"?>
<!-- Generated by org.testng.reporters.JUnitXMLReporter -->
<testsuite hostname="Jiyongs-MacBook-Pro.local" name="testNG" tests="11" failures="0" timestamp="22 Feb 2016 04:44:36 GMT" time="37.747" errors="0">
  <testcase name="verifyIntroTitle" time="0.013" classname="testNG.LoginSuccessTest"/>
  <testcase name="navigateToLoginPage" time="1.66" classname="testNG.LoginSuccessTest"/>
  <testcase name="enterCredentials" time="5.368" classname="testNG.LoginSuccessTest"/>
  <testcase name="createNewDocumentTest" time="4.821" classname="testNG.LoginSuccessTest"/>
  <testcase name="verifyIntroTitle" time="0.01" classname="testNG.LoginFailTest"/>
  <testcase name="navigateToLoginPage" time="1.75" classname="testNG.LoginFailTest"/>
  <testcase name="verifyFailure" time="0.9" classname="testNG.LoginFailTest"/>
  <testcase name="verifyIntroTitle" time="0.012" classname="testNG.CreateOtherFileTest"/>
  <testcase name="navigateToLoginPage" time="1.673" classname="testNG.CreateOtherFileTest"/>
  <testcase name="enterCredentials" time="5.383" classname="testNG.CreateOtherFileTest"/>
  <testcase name="createNewDocumentTest" time="4.657" classname="testNG.CreateOtherFileTest"/>
</testsuite> <!-- testNG -->
